  [1m[35m (15.8ms)[0m  [1m[35mCREATE TABLE "schema_migrations" ("version" varchar NOT NULL PRIMARY KEY)[0m
  [1m[35m (9.7ms)[0m  [1m[35mCREATE TABLE "ar_internal_metadata" ("key" varchar NOT NULL PRIMARY KEY, "value" varchar, "created_at" datetime(6) NOT NULL, "updated_at" datetime(6) NOT NULL)[0m
  [1m[36mActiveRecord::SchemaMigration Pluck (0.2ms)[0m  [1m[34mSELECT "schema_migrations"."version" FROM "schema_migrations" ORDER BY "schema_migrations"."version" ASC[0m
Migrating to CreateHeros (20230327035103)
  [1m[36mTRANSACTION (0.1ms)[0m  [1m[36mbegin transaction[0m
  [1m[35m (0.3ms)[0m  [1m[35mCREATE TABLE "heros" ("id" integer PRIMARY KEY AUTOINCREMENT NOT NULL, "name" varchar, "super_name" varchar, "created_at" datetime(6) NOT NULL, "updated_at" datetime(6) NOT NULL)[0m
  [1m[36mActiveRecord::SchemaMigration Create (0.2ms)[0m  [1m[32mINSERT INTO "schema_migrations" ("version") VALUES (?)[0m  [["version", "20230327035103"]]
  [1m[36mTRANSACTION (17.6ms)[0m  [1m[36mcommit transaction[0m
Migrating to CreatePowers (20230327035121)
  [1m[36mTRANSACTION (0.1ms)[0m  [1m[36mbegin transaction[0m
  [1m[35m (0.3ms)[0m  [1m[35mCREATE TABLE "powers" ("id" integer PRIMARY KEY AUTOINCREMENT NOT NULL, "name" varchar, "description" text, "created_at" datetime(6) NOT NULL, "updated_at" datetime(6) NOT NULL)[0m
  [1m[36mActiveRecord::SchemaMigration Create (0.1ms)[0m  [1m[32mINSERT INTO "schema_migrations" ("version") VALUES (?)[0m  [["version", "20230327035121"]]
  [1m[36mTRANSACTION (9.6ms)[0m  [1m[36mcommit transaction[0m
Migrating to CreateHeroPowers (20230327035140)
  [1m[36mTRANSACTION (0.1ms)[0m  [1m[36mbegin transaction[0m
  [1m[35m (0.2ms)[0m  [1m[35mCREATE TABLE "hero_powers" ("id" integer PRIMARY KEY AUTOINCREMENT NOT NULL, "hero_id" integer, "power_id" integer, "strength" varchar, "created_at" datetime(6) NOT NULL, "updated_at" datetime(6) NOT NULL)[0m
  [1m[35m (0.1ms)[0m  [1m[35mCREATE INDEX "index_hero_powers_on_hero_id" ON "hero_powers" ("hero_id")[0m
  [1m[35m (0.1ms)[0m  [1m[35mCREATE INDEX "index_hero_powers_on_power_id" ON "hero_powers" ("power_id")[0m
  [1m[35m (0.1ms)[0m  [1m[35mCREATE UNIQUE INDEX "index_hero_powers_on_hero_id_and_power_id" ON "hero_powers" ("hero_id", "power_id")[0m
  [1m[36mActiveRecord::SchemaMigration Create (0.1ms)[0m  [1m[32mINSERT INTO "schema_migrations" ("version") VALUES (?)[0m  [["version", "20230327035140"]]
  [1m[36mTRANSACTION (10.2ms)[0m  [1m[36mcommit transaction[0m
  [1m[36mActiveRecord::InternalMetadata Load (0.1ms)[0m  [1m[34mSELECT "ar_internal_metadata".* FROM "ar_internal_metadata" WHERE "ar_internal_metadata"."key" = ? LIMIT ?[0m  [["key", "environment"], ["LIMIT", 1]]
  [1m[36mTRANSACTION (0.1ms)[0m  [1m[36mbegin transaction[0m
  [1m[36mActiveRecord::InternalMetadata Create (0.3ms)[0m  [1m[32mINSERT INTO "ar_internal_metadata" ("key", "value", "created_at", "updated_at") VALUES (?, ?, ?, ?)[0m  [["key", "environment"], ["value", "development"], ["created_at", "2023-03-27 04:21:06.393284"], ["updated_at", "2023-03-27 04:21:06.393284"]]
  [1m[36mTRANSACTION (8.0ms)[0m  [1m[36mcommit transaction[0m
  [1m[36mActiveRecord::SchemaMigration Pluck (0.3ms)[0m  [1m[34mSELECT "schema_migrations"."version" FROM "schema_migrations" ORDER BY "schema_migrations"."version" ASC[0m
  [1m[36mActiveRecord::SchemaMigration Pluck (0.2ms)[0m  [1m[34mSELECT "schema_migrations"."version" FROM "schema_migrations" ORDER BY "schema_migrations"."version" ASC[0m
  [1m[36mTRANSACTION (0.0ms)[0m  [1m[36mbegin transaction[0m
  [1m[36mHero Create (0.2ms)[0m  [1m[32mINSERT INTO "heros" ("name", "super_name", "created_at", "updated_at") VALUES (?, ?, ?, ?)[0m  [["name", "Kamala Khan"], ["super_name", "Ms. Marvel"], ["created_at", "2023-03-27 04:21:06.450948"], ["updated_at", "2023-03-27 04:21:06.450948"]]
  [1m[36mTRANSACTION (10.5ms)[0m  [1m[36mcommit transaction[0m
  [1m[36mTRANSACTION (0.1ms)[0m  [1m[36mbegin transaction[0m
  [1m[36mHero Create (0.6ms)[0m  [1m[32mINSERT INTO "heros" ("name", "super_name", "created_at", "updated_at") VALUES (?, ?, ?, ?)[0m  [["name", "Doreen Green"], ["super_name", "Squirrel Girl"], ["created_at", "2023-03-27 04:21:06.465579"], ["updated_at", "2023-03-27 04:21:06.465579"]]
  [1m[36mTRANSACTION (6.8ms)[0m  [1m[36mcommit transaction[0m
  [1m[36mTRANSACTION (0.0ms)[0m  [1m[36mbegin transaction[0m
  [1m[36mHero Create (0.2ms)[0m  [1m[32mINSERT INTO "heros" ("name", "super_name", "created_at", "updated_at") VALUES (?, ?, ?, ?)[0m  [["name", "Gwen Stacy"], ["super_name", "Spider-Gwen"], ["created_at", "2023-03-27 04:21:06.479184"], ["updated_at", "2023-03-27 04:21:06.479184"]]
  [1m[36mTRANSACTION (6.8ms)[0m  [1m[36mcommit transaction[0m
  [1m[36mTRANSACTION (0.1ms)[0m  [1m[36mbegin transaction[0m
  [1m[36mPower Create (0.2ms)[0m  [1m[32mINSERT INTO "powers" ("name", "description", "created_at", "updated_at") VALUES (?, ?, ?, ?)[0m  [["name", "super strength"], ["description", "gives the wielder super-human strengths"], ["created_at", "2023-03-27 04:21:06.498366"], ["updated_at", "2023-03-27 04:21:06.498366"]]
  [1m[36mTRANSACTION (7.3ms)[0m  [1m[36mcommit transaction[0m
  [1m[36mTRANSACTION (0.1ms)[0m  [1m[36mbegin transaction[0m
  [1m[36mPower Create (0.2ms)[0m  [1m[32mINSERT INTO "powers" ("name", "description", "created_at", "updated_at") VALUES (?, ?, ?, ?)[0m  [["name", "flight"], ["description", "gives the wielder the ability to fly through the skies at supersonic speed"], ["created_at", "2023-03-27 04:21:06.510285"], ["updated_at", "2023-03-27 04:21:06.510285"]]
  [1m[36mTRANSACTION (6.7ms)[0m  [1m[36mcommit transaction[0m
  [1m[36mTRANSACTION (0.0ms)[0m  [1m[36mbegin transaction[0m
  [1m[36mPower Create (0.2ms)[0m  [1m[32mINSERT INTO "powers" ("name", "description", "created_at", "updated_at") VALUES (?, ?, ?, ?)[0m  [["name", "super speed"], ["description", "allows the wielder to move at incredible speeds"], ["created_at", "2023-03-27 04:21:06.520123"], ["updated_at", "2023-03-27 04:21:06.520123"]]
  [1m[36mTRANSACTION (6.3ms)[0m  [1m[36mcommit transaction[0m
  [1m[36mTRANSACTION (0.1ms)[0m  [1m[36mbegin transaction[0m
  [1m[36mHeroPower Create (0.7ms)[0m  [1m[32mINSERT INTO "hero_powers" ("hero_id", "power_id", "strength", "created_at", "updated_at") VALUES (?, ?, ?, ?, ?)[0m  [["hero_id", 1], ["power_id", 1], ["strength", "Strong"], ["created_at", "2023-03-27 04:21:06.562295"], ["updated_at", "2023-03-27 04:21:06.562295"]]
  [1m[36mTRANSACTION (9.9ms)[0m  [1m[36mcommit transaction[0m
  [1m[36mTRANSACTION (0.1ms)[0m  [1m[36mbegin transaction[0m
  [1m[36mHeroPower Create (0.3ms)[0m  [1m[32mINSERT INTO "hero_powers" ("hero_id", "power_id", "strength", "created_at", "updated_at") VALUES (?, ?, ?, ?, ?)[0m  [["hero_id", 1], ["power_id", 2], ["strength", "Average"], ["created_at", "2023-03-27 04:21:06.579580"], ["updated_at", "2023-03-27 04:21:06.579580"]]
  [1m[36mTRANSACTION (7.4ms)[0m  [1m[36mcommit transaction[0m
  [1m[36mTRANSACTION (0.1ms)[0m  [1m[36mbegin transaction[0m
  [1m[36mHeroPower Create (0.4ms)[0m  [1m[32mINSERT INTO "hero_powers" ("hero_id", "power_id", "strength", "created_at", "updated_at") VALUES (?, ?, ?, ?, ?)[0m  [["hero_id", 2], ["power_id", 1], ["strength", "Average"], ["created_at", "2023-03-27 04:21:06.591862"], ["updated_at", "2023-03-27 04:21:06.591862"]]
  [1m[36mTRANSACTION (7.9ms)[0m  [1m[36mcommit transaction[0m
  [1m[36mTRANSACTION (0.2ms)[0m  [1m[36mbegin transaction[0m
  [1m[36mHeroPower Create (0.9ms)[0m  [1m[32mINSERT INTO "hero_powers" ("hero_id", "power_id", "strength", "created_at", "updated_at") VALUES (?, ?, ?, ?, ?)[0m  [["hero_id", 2], ["power_id", 3], ["strength", "Weak"], ["created_at", "2023-03-27 04:21:06.606495"], ["updated_at", "2023-03-27 04:21:06.606495"]]
  [1m[36mTRANSACTION (7.9ms)[0m  [1m[36mcommit transaction[0m
  [1m[36mTRANSACTION (0.1ms)[0m  [1m[36mbegin transaction[0m
  [1m[36mHeroPower Create (0.7ms)[0m  [1m[32mINSERT INTO "hero_powers" ("hero_id", "power_id", "strength", "created_at", "updated_at") VALUES (?, ?, ?, ?, ?)[0m  [["hero_id", 3], ["power_id", 1], ["strength", "Average"], ["created_at", "2023-03-27 04:21:06.624467"], ["updated_at", "2023-03-27 04:21:06.624467"]]
  [1m[36mTRANSACTION (8.1ms)[0m  [1m[36mcommit transaction[0m
  [1m[36mTRANSACTION (0.1ms)[0m  [1m[36mbegin transaction[0m
  [1m[36mHeroPower Create (0.7ms)[0m  [1m[32mINSERT INTO "hero_powers" ("hero_id", "power_id", "strength", "created_at", "updated_at") VALUES (?, ?, ?, ?, ?)[0m  [["hero_id", 3], ["power_id", 2], ["strength", "Weak"], ["created_at", "2023-03-27 04:21:06.640640"], ["updated_at", "2023-03-27 04:21:06.640640"]]
  [1m[36mTRANSACTION (7.6ms)[0m  [1m[36mcommit transaction[0m
Started GET "/heros" for 127.0.0.1 at 2023-03-27 07:23:14 +0300
  [1m[36mActiveRecord::SchemaMigration Pluck (0.2ms)[0m  [1m[34mSELECT "schema_migrations"."version" FROM "schema_migrations" ORDER BY "schema_migrations"."version" ASC[0m
  
ActionController::RoutingError (No route matches [GET] "/heros"):
  
Started GET "/" for 127.0.0.1 at 2023-03-27 07:25:56 +0300
Processing by Rails::WelcomeController#index as HTML
  Rendering /var/lib/gems/3.0.0/gems/railties-7.0.4.3/lib/rails/templates/rails/welcome/index.html.erb
  Rendered /var/lib/gems/3.0.0/gems/railties-7.0.4.3/lib/rails/templates/rails/welcome/index.html.erb (Duration: 2.0ms | Allocations: 494)
Completed 200 OK in 19ms (Views: 3.3ms | ActiveRecord: 0.0ms | Allocations: 4677)


Started GET "/heroes" for 127.0.0.1 at 2023-03-27 07:26:07 +0300
  
ActionController::RoutingError (uninitialized constant HeroesController
Did you mean?  HerosController
               HeroPowersController):
  
Started GET "/heroes" for 127.0.0.1 at 2023-03-27 07:27:13 +0300
  
ActionController::RoutingError (No route matches [GET] "/heroes"):
  
Started GET "/heroes" for 127.0.0.1 at 2023-03-27 07:27:19 +0300
  
ActionController::RoutingError (No route matches [GET] "/heroes"):
  
Started GET "/heros" for 127.0.0.1 at 2023-03-27 07:27:27 +0300
Processing by HerosController#index as HTML
  [1m[36mHero Load (0.1ms)[0m  [1m[34mSELECT "heros".* FROM "heros"[0m
  ↳ app/controllers/heros_controller.rb:4:in `index'
Completed 200 OK in 20ms (Views: 13.5ms | ActiveRecord: 0.9ms | Allocations: 20799)


Started GET "/heros/1" for 127.0.0.1 at 2023-03-27 07:29:55 +0300
  [1m[36mActiveRecord::SchemaMigration Pluck (0.2ms)[0m  [1m[34mSELECT "schema_migrations"."version" FROM "schema_migrations" ORDER BY "schema_migrations"."version" ASC[0m
Processing by HerosController#show as HTML
  Parameters: {"id"=>"1"}
  [1m[36mHero Load (0.1ms)[0m  [1m[34mSELECT "heros".* FROM "heros" WHERE "heros"."id" = ? LIMIT ?[0m  [["id", 1], ["LIMIT", 1]]
  ↳ app/controllers/heros_controller.rb:8:in `show'
  [1m[36mHeroPower Load (0.1ms)[0m  [1m[34mSELECT "hero_powers".* FROM "hero_powers" WHERE "hero_powers"."hero_id" = ?[0m  [["hero_id", 1]]
  ↳ app/controllers/heros_controller.rb:8:in `show'
  [1m[36mPower Load (0.2ms)[0m  [1m[34mSELECT "powers".* FROM "powers" WHERE "powers"."id" IN (?, ?)[0m  [["id", 1], ["id", 2]]
  ↳ app/controllers/heros_controller.rb:8:in `show'
Completed 200 OK in 83ms (Views: 0.3ms | ActiveRecord: 1.7ms | Allocations: 74064)


Started GET "/powers" for 127.0.0.1 at 2023-03-27 07:30:37 +0300
Processing by PowersController#index as HTML
  [1m[36mPower Load (0.1ms)[0m  [1m[34mSELECT "powers".* FROM "powers"[0m
  ↳ app/controllers/powers_controller.rb:4:in `index'
Completed 200 OK in 2ms (Views: 1.7ms | ActiveRecord: 0.1ms | Allocations: 1103)


Started GET "/powers/1" for 127.0.0.1 at 2023-03-27 07:30:44 +0300
Processing by PowersController#show as HTML
  Parameters: {"id"=>"1"}
  [1m[36mPower Load (0.2ms)[0m  [1m[34mSELECT "powers".* FROM "powers" WHERE "powers"."id" = ? LIMIT ?[0m  [["id", 1], ["LIMIT", 1]]
  ↳ app/controllers/powers_controller.rb:8:in `show'
Completed 200 OK in 2ms (Views: 0.2ms | ActiveRecord: 0.2ms | Allocations: 1358)


Started GET "/" for 127.0.0.1 at 2023-03-27 07:45:39 +0300
  [1m[36mActiveRecord::SchemaMigration Pluck (0.1ms)[0m  [1m[34mSELECT "schema_migrations"."version" FROM "schema_migrations" ORDER BY "schema_migrations"."version" ASC[0m
Processing by Rails::WelcomeController#index as HTML
  Rendering /var/lib/gems/3.0.0/gems/railties-7.0.4.3/lib/rails/templates/rails/welcome/index.html.erb
  Rendered /var/lib/gems/3.0.0/gems/railties-7.0.4.3/lib/rails/templates/rails/welcome/index.html.erb (Duration: 2.9ms | Allocations: 826)
Completed 200 OK in 15ms (Views: 6.0ms | ActiveRecord: 0.0ms | Allocations: 6656)


Started GET "/powers" for 127.0.0.1 at 2023-03-27 07:45:53 +0300
Processing by PowersController#index as HTML
  [1m[36mPower Load (0.2ms)[0m  [1m[34mSELECT "powers".* FROM "powers"[0m
  ↳ app/controllers/powers_controller.rb:4:in `index'
Completed 200 OK in 49ms (Views: 15.6ms | ActiveRecord: 0.9ms | Allocations: 20732)


Started GET "/heros" for 127.0.0.1 at 2023-03-27 07:46:26 +0300
Processing by HerosController#index as HTML
  [1m[36mHero Load (0.4ms)[0m  [1m[34mSELECT "heros".* FROM "heros"[0m
  ↳ app/controllers/heros_controller.rb:4:in `index'
Completed 200 OK in 24ms (Views: 15.7ms | ActiveRecord: 1.2ms | Allocations: 17544)


Started GET "/heros/3" for 127.0.0.1 at 2023-03-27 07:46:34 +0300
Processing by HerosController#show as HTML
  Parameters: {"id"=>"3"}
  [1m[36mHero Load (0.2ms)[0m  [1m[34mSELECT "heros".* FROM "heros" WHERE "heros"."id" = ? LIMIT ?[0m  [["id", 3], ["LIMIT", 1]]
  ↳ app/controllers/heros_controller.rb:8:in `show'
  [1m[36mHeroPower Load (0.2ms)[0m  [1m[34mSELECT "hero_powers".* FROM "hero_powers" WHERE "hero_powers"."hero_id" = ?[0m  [["hero_id", 3]]
  ↳ app/controllers/heros_controller.rb:8:in `show'
  [1m[36mPower Load (0.4ms)[0m  [1m[34mSELECT "powers".* FROM "powers" WHERE "powers"."id" IN (?, ?)[0m  [["id", 1], ["id", 2]]
  ↳ app/controllers/heros_controller.rb:8:in `show'
Completed 200 OK in 55ms (Views: 0.4ms | ActiveRecord: 1.8ms | Allocations: 32295)


Started GET "/" for 127.0.0.1 at 2023-03-27 08:23:14 +0300
  [1m[36mActiveRecord::SchemaMigration Pluck (0.1ms)[0m  [1m[34mSELECT "schema_migrations"."version" FROM "schema_migrations" ORDER BY "schema_migrations"."version" ASC[0m
Processing by Rails::WelcomeController#index as HTML
  Rendering /var/lib/gems/3.0.0/gems/railties-7.0.4.3/lib/rails/templates/rails/welcome/index.html.erb
  Rendered /var/lib/gems/3.0.0/gems/railties-7.0.4.3/lib/rails/templates/rails/welcome/index.html.erb (Duration: 1.2ms | Allocations: 826)
Completed 200 OK in 9ms (Views: 3.3ms | ActiveRecord: 0.0ms | Allocations: 6656)


Started GET "/heros" for 127.0.0.1 at 2023-03-27 08:23:22 +0300
Processing by HerosController#index as HTML
  [1m[36mHero Load (0.3ms)[0m  [1m[34mSELECT "heros".* FROM "heros"[0m
  ↳ app/controllers/heros_controller.rb:4:in `index'
Completed 200 OK in 46ms (Views: 14.3ms | ActiveRecord: 1.1ms | Allocations: 20669)


Started GET "/heros/1" for 127.0.0.1 at 2023-03-27 08:23:27 +0300
Processing by HerosController#show as HTML
  Parameters: {"id"=>"1"}
  [1m[36mHero Load (0.3ms)[0m  [1m[34mSELECT "heros".* FROM "heros" WHERE "heros"."id" = ? LIMIT ?[0m  [["id", 1], ["LIMIT", 1]]
  ↳ app/controllers/heros_controller.rb:8:in `show'
  [1m[36mHeroPower Load (0.4ms)[0m  [1m[34mSELECT "hero_powers".* FROM "hero_powers" WHERE "hero_powers"."hero_id" = ?[0m  [["hero_id", 1]]
  ↳ app/controllers/heros_controller.rb:8:in `show'
  [1m[36mPower Load (0.2ms)[0m  [1m[34mSELECT "powers".* FROM "powers" WHERE "powers"."id" IN (?, ?)[0m  [["id", 1], ["id", 2]]
  ↳ app/controllers/heros_controller.rb:8:in `show'
Completed 200 OK in 64ms (Views: 0.4ms | ActiveRecord: 2.2ms | Allocations: 48775)


Started GET "/powers" for 127.0.0.1 at 2023-03-27 08:23:51 +0300
Processing by PowersController#index as HTML
  [1m[36mPower Load (0.2ms)[0m  [1m[34mSELECT "powers".* FROM "powers"[0m
  ↳ app/controllers/powers_controller.rb:4:in `index'
Completed 200 OK in 3ms (Views: 1.9ms | ActiveRecord: 0.2ms | Allocations: 1082)


Started GET "/" for 127.0.0.1 at 2023-03-27 08:24:05 +0300
Processing by Rails::WelcomeController#index as */*
  Rendering /var/lib/gems/3.0.0/gems/railties-7.0.4.3/lib/rails/templates/rails/welcome/index.html.erb
  Rendered /var/lib/gems/3.0.0/gems/railties-7.0.4.3/lib/rails/templates/rails/welcome/index.html.erb (Duration: 2.4ms | Allocations: 490)
Completed 200 OK in 6ms (Views: 5.1ms | ActiveRecord: 0.0ms | Allocations: 1476)


Started GET "/heros" for 127.0.0.1 at 2023-03-27 08:24:15 +0300
Processing by HerosController#index as */*
  [1m[36mHero Load (0.2ms)[0m  [1m[34mSELECT "heros".* FROM "heros"[0m
  ↳ app/controllers/heros_controller.rb:4:in `index'
Completed 200 OK in 3ms (Views: 2.5ms | ActiveRecord: 0.2ms | Allocations: 1012)


Started GET "/heros/1" for 127.0.0.1 at 2023-03-27 08:24:23 +0300
Processing by HerosController#show as */*
  Parameters: {"id"=>"1"}
  [1m[36mHero Load (0.1ms)[0m  [1m[34mSELECT "heros".* FROM "heros" WHERE "heros"."id" = ? LIMIT ?[0m  [["id", 1], ["LIMIT", 1]]
  ↳ app/controllers/heros_controller.rb:8:in `show'
  [1m[36mHeroPower Load (0.1ms)[0m  [1m[34mSELECT "hero_powers".* FROM "hero_powers" WHERE "hero_powers"."hero_id" = ?[0m  [["hero_id", 1]]
  ↳ app/controllers/heros_controller.rb:8:in `show'
  [1m[36mPower Load (0.4ms)[0m  [1m[34mSELECT "powers".* FROM "powers" WHERE "powers"."id" IN (?, ?)[0m  [["id", 1], ["id", 2]]
  ↳ app/controllers/heros_controller.rb:8:in `show'
Completed 200 OK in 9ms (Views: 0.7ms | ActiveRecord: 0.6ms | Allocations: 3043)


